{"C:\\Users\\LENOVO\\OneDrive\\Attachments\\Desktop\\car-dealership\\backend\\src\\app.js": {"path":"C:\\Users\\LENOVO\\OneDrive\\Attachments\\Desktop\\car-dealership\\backend\\src\\app.js","statementMap":{"0":{"start":{"line":1,"column":0},"end":{"line":1,"column":27}},"1":{"start":{"line":2,"column":16},"end":{"line":2,"column":34}},"2":{"start":{"line":3,"column":13},"end":{"line":3,"column":28}},"3":{"start":{"line":4,"column":19},"end":{"line":4,"column":49}},"4":{"start":{"line":5,"column":22},"end":{"line":5,"column":55}},"5":{"start":{"line":7,"column":12},"end":{"line":7,"column":21}},"6":{"start":{"line":8,"column":0},"end":{"line":8,"column":16}},"7":{"start":{"line":9,"column":0},"end":{"line":9,"column":24}},"8":{"start":{"line":10,"column":0},"end":{"line":10,"column":33}},"9":{"start":{"line":11,"column":0},"end":{"line":11,"column":40}},"10":{"start":{"line":13,"column":0},"end":{"line":13,"column":21}}},"fnMap":{},"branchMap":{},"s":{"0":4,"1":4,"2":4,"3":4,"4":4,"5":4,"6":4,"7":4,"8":4,"9":4,"10":4},"f":{},"b":{},"_coverageSchema":"1a1c01bbd47fc00a2c39e90264f33305004495a9","hash":"cad39afef6260099fb477fa4f11d1696cd4efe31"}
,"C:\\Users\\LENOVO\\OneDrive\\Attachments\\Desktop\\car-dealership\\backend\\src\\controllers\\authController.js": {"path":"C:\\Users\\LENOVO\\OneDrive\\Attachments\\Desktop\\car-dealership\\backend\\src\\controllers\\authController.js","statementMap":{"0":{"start":{"line":1,"column":37},"end":{"line":1,"column":71}},"1":{"start":{"line":4,"column":2},"end":{"line":10,"column":3}},"2":{"start":{"line":5,"column":32},"end":{"line":5,"column":40}},"3":{"start":{"line":6,"column":19},"end":{"line":6,"column":48}},"4":{"start":{"line":7,"column":4},"end":{"line":7,"column":33}},"5":{"start":{"line":9,"column":4},"end":{"line":9,"column":67}},"6":{"start":{"line":14,"column":2},"end":{"line":20,"column":3}},"7":{"start":{"line":15,"column":32},"end":{"line":15,"column":40}},"8":{"start":{"line":16,"column":19},"end":{"line":16,"column":45}},"9":{"start":{"line":17,"column":4},"end":{"line":17,"column":33}},"10":{"start":{"line":19,"column":4},"end":{"line":19,"column":67}},"11":{"start":{"line":23,"column":0},"end":{"line":23,"column":37}}},"fnMap":{"0":{"name":"register","decl":{"start":{"line":3,"column":9},"end":{"line":3,"column":17}},"loc":{"start":{"line":3,"column":28},"end":{"line":11,"column":1}},"line":3},"1":{"name":"login","decl":{"start":{"line":13,"column":9},"end":{"line":13,"column":14}},"loc":{"start":{"line":13,"column":25},"end":{"line":21,"column":1}},"line":13}},"branchMap":{"0":{"loc":{"start":{"line":9,"column":15},"end":{"line":9,"column":36}},"type":"binary-expr","locations":[{"start":{"line":9,"column":15},"end":{"line":9,"column":29}},{"start":{"line":9,"column":33},"end":{"line":9,"column":36}}],"line":9},"1":{"loc":{"start":{"line":19,"column":15},"end":{"line":19,"column":36}},"type":"binary-expr","locations":[{"start":{"line":19,"column":15},"end":{"line":19,"column":29}},{"start":{"line":19,"column":33},"end":{"line":19,"column":36}}],"line":19}},"s":{"0":4,"1":35,"2":35,"3":35,"4":33,"5":2,"6":32,"7":32,"8":32,"9":30,"10":2,"11":4},"f":{"0":35,"1":32},"b":{"0":[2,0],"1":[2,0]},"_coverageSchema":"1a1c01bbd47fc00a2c39e90264f33305004495a9","hash":"ca801b738a30cb5314909c9beb4b44919d469695"}
,"C:\\Users\\LENOVO\\OneDrive\\Attachments\\Desktop\\car-dealership\\backend\\src\\controllers\\vehicleController.js": {"path":"C:\\Users\\LENOVO\\OneDrive\\Attachments\\Desktop\\car-dealership\\backend\\src\\controllers\\vehicleController.js","statementMap":{"0":{"start":{"line":9,"column":4},"end":{"line":9,"column":41}},"1":{"start":{"line":12,"column":2},"end":{"line":17,"column":3}},"2":{"start":{"line":13,"column":20},"end":{"line":13,"column":43}},"3":{"start":{"line":14,"column":4},"end":{"line":14,"column":34}},"4":{"start":{"line":16,"column":4},"end":{"line":16,"column":67}},"5":{"start":{"line":21,"column":2},"end":{"line":26,"column":3}},"6":{"start":{"line":22,"column":21},"end":{"line":22,"column":37}},"7":{"start":{"line":23,"column":4},"end":{"line":23,"column":35}},"8":{"start":{"line":25,"column":4},"end":{"line":25,"column":67}},"9":{"start":{"line":30,"column":2},"end":{"line":35,"column":3}},"10":{"start":{"line":31,"column":21},"end":{"line":31,"column":46}},"11":{"start":{"line":32,"column":4},"end":{"line":32,"column":35}},"12":{"start":{"line":34,"column":4},"end":{"line":34,"column":67}},"13":{"start":{"line":39,"column":2},"end":{"line":44,"column":3}},"14":{"start":{"line":40,"column":20},"end":{"line":40,"column":58}},"15":{"start":{"line":41,"column":4},"end":{"line":41,"column":34}},"16":{"start":{"line":43,"column":4},"end":{"line":43,"column":67}},"17":{"start":{"line":48,"column":2},"end":{"line":53,"column":3}},"18":{"start":{"line":49,"column":19},"end":{"line":49,"column":47}},"19":{"start":{"line":50,"column":4},"end":{"line":50,"column":33}},"20":{"start":{"line":52,"column":4},"end":{"line":52,"column":67}},"21":{"start":{"line":57,"column":2},"end":{"line":62,"column":3}},"22":{"start":{"line":58,"column":20},"end":{"line":58,"column":50}},"23":{"start":{"line":59,"column":4},"end":{"line":59,"column":34}},"24":{"start":{"line":61,"column":4},"end":{"line":61,"column":67}},"25":{"start":{"line":66,"column":2},"end":{"line":71,"column":3}},"26":{"start":{"line":67,"column":20},"end":{"line":67,"column":66}},"27":{"start":{"line":68,"column":4},"end":{"line":68,"column":34}},"28":{"start":{"line":70,"column":4},"end":{"line":70,"column":67}},"29":{"start":{"line":74,"column":0},"end":{"line":74,"column":77}}},"fnMap":{"0":{"name":"create","decl":{"start":{"line":11,"column":9},"end":{"line":11,"column":15}},"loc":{"start":{"line":11,"column":26},"end":{"line":18,"column":1}},"line":11},"1":{"name":"list","decl":{"start":{"line":20,"column":9},"end":{"line":20,"column":13}},"loc":{"start":{"line":20,"column":24},"end":{"line":27,"column":1}},"line":20},"2":{"name":"search","decl":{"start":{"line":29,"column":9},"end":{"line":29,"column":15}},"loc":{"start":{"line":29,"column":26},"end":{"line":36,"column":1}},"line":29},"3":{"name":"update","decl":{"start":{"line":38,"column":9},"end":{"line":38,"column":15}},"loc":{"start":{"line":38,"column":26},"end":{"line":45,"column":1}},"line":38},"4":{"name":"remove","decl":{"start":{"line":47,"column":9},"end":{"line":47,"column":15}},"loc":{"start":{"line":47,"column":26},"end":{"line":54,"column":1}},"line":47},"5":{"name":"purchase","decl":{"start":{"line":56,"column":9},"end":{"line":56,"column":17}},"loc":{"start":{"line":56,"column":28},"end":{"line":63,"column":1}},"line":56},"6":{"name":"restock","decl":{"start":{"line":65,"column":9},"end":{"line":65,"column":16}},"loc":{"start":{"line":65,"column":27},"end":{"line":72,"column":1}},"line":65}},"branchMap":{"0":{"loc":{"start":{"line":16,"column":15},"end":{"line":16,"column":36}},"type":"binary-expr","locations":[{"start":{"line":16,"column":15},"end":{"line":16,"column":29}},{"start":{"line":16,"column":33},"end":{"line":16,"column":36}}],"line":16},"1":{"loc":{"start":{"line":25,"column":15},"end":{"line":25,"column":36}},"type":"binary-expr","locations":[{"start":{"line":25,"column":15},"end":{"line":25,"column":29}},{"start":{"line":25,"column":33},"end":{"line":25,"column":36}}],"line":25},"2":{"loc":{"start":{"line":34,"column":15},"end":{"line":34,"column":36}},"type":"binary-expr","locations":[{"start":{"line":34,"column":15},"end":{"line":34,"column":29}},{"start":{"line":34,"column":33},"end":{"line":34,"column":36}}],"line":34},"3":{"loc":{"start":{"line":43,"column":15},"end":{"line":43,"column":36}},"type":"binary-expr","locations":[{"start":{"line":43,"column":15},"end":{"line":43,"column":29}},{"start":{"line":43,"column":33},"end":{"line":43,"column":36}}],"line":43},"4":{"loc":{"start":{"line":52,"column":15},"end":{"line":52,"column":36}},"type":"binary-expr","locations":[{"start":{"line":52,"column":15},"end":{"line":52,"column":29}},{"start":{"line":52,"column":33},"end":{"line":52,"column":36}}],"line":52},"5":{"loc":{"start":{"line":61,"column":15},"end":{"line":61,"column":36}},"type":"binary-expr","locations":[{"start":{"line":61,"column":15},"end":{"line":61,"column":29}},{"start":{"line":61,"column":33},"end":{"line":61,"column":36}}],"line":61},"6":{"loc":{"start":{"line":70,"column":15},"end":{"line":70,"column":36}},"type":"binary-expr","locations":[{"start":{"line":70,"column":15},"end":{"line":70,"column":29}},{"start":{"line":70,"column":33},"end":{"line":70,"column":36}}],"line":70}},"s":{"0":4,"1":43,"2":43,"3":41,"4":2,"5":3,"6":3,"7":3,"8":0,"9":7,"10":7,"11":7,"12":0,"13":3,"14":3,"15":1,"16":2,"17":2,"18":2,"19":1,"20":1,"21":5,"22":5,"23":2,"24":3,"25":3,"26":3,"27":1,"28":2,"29":4},"f":{"0":43,"1":3,"2":7,"3":3,"4":2,"5":5,"6":3},"b":{"0":[2,0],"1":[0,0],"2":[0,0],"3":[2,0],"4":[1,0],"5":[3,0],"6":[2,0]},"_coverageSchema":"1a1c01bbd47fc00a2c39e90264f33305004495a9","hash":"3ce09578b427e49ed98a3b163b9893392e3bd341"}
,"C:\\Users\\LENOVO\\OneDrive\\Attachments\\Desktop\\car-dealership\\backend\\src\\db\\database.js": {"path":"C:\\Users\\LENOVO\\OneDrive\\Attachments\\Desktop\\car-dealership\\backend\\src\\db\\database.js","statementMap":{"0":{"start":{"line":1,"column":25},"end":{"line":1,"column":47}},"1":{"start":{"line":2,"column":13},"end":{"line":2,"column":28}},"2":{"start":{"line":4,"column":15},"end":{"line":4,"column":46}},"3":{"start":{"line":5,"column":11},"end":{"line":5,"column":94}},"4":{"start":{"line":7,"column":0},"end":{"line":23,"column":3}},"5":{"start":{"line":25,"column":0},"end":{"line":25,"column":20}}},"fnMap":{},"branchMap":{"0":{"loc":{"start":{"line":5,"column":28},"end":{"line":5,"column":93}},"type":"cond-expr","locations":[{"start":{"line":5,"column":37},"end":{"line":5,"column":47}},{"start":{"line":5,"column":50},"end":{"line":5,"column":93}}],"line":5}},"s":{"0":4,"1":4,"2":4,"3":4,"4":4,"5":4},"f":{},"b":{"0":[4,0]},"_coverageSchema":"1a1c01bbd47fc00a2c39e90264f33305004495a9","hash":"f795fdc3e3a736cf2d970254050677f6265608ef"}
,"C:\\Users\\LENOVO\\OneDrive\\Attachments\\Desktop\\car-dealership\\backend\\src\\middleware\\authMiddleware.js": {"path":"C:\\Users\\LENOVO\\OneDrive\\Attachments\\Desktop\\car-dealership\\backend\\src\\middleware\\authMiddleware.js","statementMap":{"0":{"start":{"line":1,"column":13},"end":{"line":1,"column":36}},"1":{"start":{"line":4,"column":21},"end":{"line":4,"column":46}},"2":{"start":{"line":6,"column":2},"end":{"line":8,"column":3}},"3":{"start":{"line":7,"column":4},"end":{"line":7,"column":64}},"4":{"start":{"line":10,"column":16},"end":{"line":10,"column":40}},"5":{"start":{"line":12,"column":2},"end":{"line":18,"column":3}},"6":{"start":{"line":13,"column":20},"end":{"line":13,"column":61}},"7":{"start":{"line":14,"column":4},"end":{"line":14,"column":23}},"8":{"start":{"line":15,"column":4},"end":{"line":15,"column":11}},"9":{"start":{"line":17,"column":4},"end":{"line":17,"column":71}},"10":{"start":{"line":22,"column":2},"end":{"line":24,"column":3}},"11":{"start":{"line":23,"column":4},"end":{"line":23,"column":68}},"12":{"start":{"line":25,"column":2},"end":{"line":25,"column":9}},"13":{"start":{"line":28,"column":0},"end":{"line":28,"column":48}}},"fnMap":{"0":{"name":"authenticate","decl":{"start":{"line":3,"column":9},"end":{"line":3,"column":21}},"loc":{"start":{"line":3,"column":38},"end":{"line":19,"column":1}},"line":3},"1":{"name":"requireAdmin","decl":{"start":{"line":21,"column":9},"end":{"line":21,"column":21}},"loc":{"start":{"line":21,"column":38},"end":{"line":26,"column":1}},"line":21}},"branchMap":{"0":{"loc":{"start":{"line":6,"column":2},"end":{"line":8,"column":3}},"type":"if","locations":[{"start":{"line":6,"column":2},"end":{"line":8,"column":3}},{"start":{},"end":{}}],"line":6},"1":{"loc":{"start":{"line":6,"column":6},"end":{"line":6,"column":54}},"type":"binary-expr","locations":[{"start":{"line":6,"column":6},"end":{"line":6,"column":17}},{"start":{"line":6,"column":21},"end":{"line":6,"column":54}}],"line":6},"2":{"loc":{"start":{"line":22,"column":2},"end":{"line":24,"column":3}},"type":"if","locations":[{"start":{"line":22,"column":2},"end":{"line":24,"column":3}},{"start":{},"end":{}}],"line":22},"3":{"loc":{"start":{"line":22,"column":6},"end":{"line":22,"column":44}},"type":"binary-expr","locations":[{"start":{"line":22,"column":6},"end":{"line":22,"column":15}},{"start":{"line":22,"column":19},"end":{"line":22,"column":44}}],"line":22}},"s":{"0":5,"1":78,"2":78,"3":8,"4":70,"5":70,"6":70,"7":69,"8":69,"9":1,"10":9,"11":3,"12":6,"13":5},"f":{"0":78,"1":9},"b":{"0":[8,70],"1":[78,70],"2":[3,6],"3":[9,9]},"_coverageSchema":"1a1c01bbd47fc00a2c39e90264f33305004495a9","hash":"d8dc183d6f67cbfbf6d908faf78772ded88ea7e6"}
,"C:\\Users\\LENOVO\\OneDrive\\Attachments\\Desktop\\car-dealership\\backend\\src\\routes\\authRoutes.js": {"path":"C:\\Users\\LENOVO\\OneDrive\\Attachments\\Desktop\\car-dealership\\backend\\src\\routes\\authRoutes.js","statementMap":{"0":{"start":{"line":1,"column":17},"end":{"line":1,"column":35}},"1":{"start":{"line":2,"column":28},"end":{"line":2,"column":68}},"2":{"start":{"line":4,"column":15},"end":{"line":4,"column":31}},"3":{"start":{"line":5,"column":0},"end":{"line":5,"column":35}},"4":{"start":{"line":6,"column":0},"end":{"line":6,"column":29}},"5":{"start":{"line":8,"column":0},"end":{"line":8,"column":24}}},"fnMap":{},"branchMap":{},"s":{"0":4,"1":4,"2":4,"3":4,"4":4,"5":4},"f":{},"b":{},"_coverageSchema":"1a1c01bbd47fc00a2c39e90264f33305004495a9","hash":"990aa0a0a90a41a027de14456c871a7d25dacb1a"}
,"C:\\Users\\LENOVO\\OneDrive\\Attachments\\Desktop\\car-dealership\\backend\\src\\routes\\vehicleRoutes.js": {"path":"C:\\Users\\LENOVO\\OneDrive\\Attachments\\Desktop\\car-dealership\\backend\\src\\routes\\vehicleRoutes.js","statementMap":{"0":{"start":{"line":1,"column":16},"end":{"line":1,"column":34}},"1":{"start":{"line":10,"column":4},"end":{"line":10,"column":47}},"2":{"start":{"line":11,"column":39},"end":{"line":11,"column":78}},"3":{"start":{"line":13,"column":15},"end":{"line":13,"column":31}},"4":{"start":{"line":15,"column":0},"end":{"line":15,"column":39}},"5":{"start":{"line":16,"column":0},"end":{"line":16,"column":44}},"6":{"start":{"line":17,"column":0},"end":{"line":17,"column":36}},"7":{"start":{"line":18,"column":0},"end":{"line":18,"column":41}},"8":{"start":{"line":19,"column":0},"end":{"line":19,"column":58}},"9":{"start":{"line":20,"column":0},"end":{"line":20,"column":53}},"10":{"start":{"line":21,"column":0},"end":{"line":21,"column":65}},"11":{"start":{"line":23,"column":0},"end":{"line":23,"column":24}}},"fnMap":{},"branchMap":{},"s":{"0":4,"1":4,"2":4,"3":4,"4":4,"5":4,"6":4,"7":4,"8":4,"9":4,"10":4,"11":4},"f":{},"b":{},"_coverageSchema":"1a1c01bbd47fc00a2c39e90264f33305004495a9","hash":"b18c454a08843521e3b3cd5558d2746cc8689c19"}
,"C:\\Users\\LENOVO\\OneDrive\\Attachments\\Desktop\\car-dealership\\backend\\src\\services\\authService.js": {"path":"C:\\Users\\LENOVO\\OneDrive\\Attachments\\Desktop\\car-dealership\\backend\\src\\services\\authService.js","statementMap":{"0":{"start":{"line":1,"column":16},"end":{"line":1,"column":35}},"1":{"start":{"line":2,"column":12},"end":{"line":2,"column":35}},"2":{"start":{"line":3,"column":11},"end":{"line":3,"column":36}},"3":{"start":{"line":4,"column":17},"end":{"line":4,"column":45}},"4":{"start":{"line":7,"column":2},"end":{"line":9,"column":3}},"5":{"start":{"line":8,"column":4},"end":{"line":8,"column":57}},"6":{"start":{"line":10,"column":2},"end":{"line":12,"column":3}},"7":{"start":{"line":11,"column":4},"end":{"line":11,"column":70}},"8":{"start":{"line":16,"column":2},"end":{"line":16,"column":41}},"9":{"start":{"line":18,"column":19},"end":{"line":18,"column":80}},"10":{"start":{"line":19,"column":2},"end":{"line":21,"column":3}},"11":{"start":{"line":20,"column":4},"end":{"line":20,"column":56}},"12":{"start":{"line":23,"column":17},"end":{"line":23,"column":46}},"13":{"start":{"line":24,"column":2},"end":{"line":25,"column":32}},"14":{"start":{"line":27,"column":2},"end":{"line":27,"column":53}},"15":{"start":{"line":31,"column":15},"end":{"line":31,"column":75}},"16":{"start":{"line":33,"column":2},"end":{"line":35,"column":3}},"17":{"start":{"line":34,"column":4},"end":{"line":34,"column":57}},"18":{"start":{"line":37,"column":16},"end":{"line":41,"column":3}},"19":{"start":{"line":43,"column":2},"end":{"line":43,"column":19}},"20":{"start":{"line":46,"column":0},"end":{"line":46,"column":45}}},"fnMap":{"0":{"name":"validateRegisterInput","decl":{"start":{"line":6,"column":9},"end":{"line":6,"column":30}},"loc":{"start":{"line":6,"column":48},"end":{"line":13,"column":1}},"line":6},"1":{"name":"registerUser","decl":{"start":{"line":15,"column":9},"end":{"line":15,"column":21}},"loc":{"start":{"line":15,"column":39},"end":{"line":28,"column":1}},"line":15},"2":{"name":"loginUser","decl":{"start":{"line":30,"column":9},"end":{"line":30,"column":18}},"loc":{"start":{"line":30,"column":36},"end":{"line":44,"column":1}},"line":30}},"branchMap":{"0":{"loc":{"start":{"line":7,"column":2},"end":{"line":9,"column":3}},"type":"if","locations":[{"start":{"line":7,"column":2},"end":{"line":9,"column":3}},{"start":{},"end":{}}],"line":7},"1":{"loc":{"start":{"line":7,"column":6},"end":{"line":7,"column":36}},"type":"binary-expr","locations":[{"start":{"line":7,"column":6},"end":{"line":7,"column":12}},{"start":{"line":7,"column":16},"end":{"line":7,"column":36}}],"line":7},"2":{"loc":{"start":{"line":10,"column":2},"end":{"line":12,"column":3}},"type":"if","locations":[{"start":{"line":10,"column":2},"end":{"line":12,"column":3}},{"start":{},"end":{}}],"line":10},"3":{"loc":{"start":{"line":10,"column":6},"end":{"line":10,"column":38}},"type":"binary-expr","locations":[{"start":{"line":10,"column":6},"end":{"line":10,"column":15}},{"start":{"line":10,"column":19},"end":{"line":10,"column":38}}],"line":10},"4":{"loc":{"start":{"line":19,"column":2},"end":{"line":21,"column":3}},"type":"if","locations":[{"start":{"line":19,"column":2},"end":{"line":21,"column":3}},{"start":{},"end":{}}],"line":19},"5":{"loc":{"start":{"line":33,"column":2},"end":{"line":35,"column":3}},"type":"if","locations":[{"start":{"line":33,"column":2},"end":{"line":35,"column":3}},{"start":{},"end":{}}],"line":33},"6":{"loc":{"start":{"line":33,"column":6},"end":{"line":33,"column":59}},"type":"binary-expr","locations":[{"start":{"line":33,"column":6},"end":{"line":33,"column":11}},{"start":{"line":33,"column":15},"end":{"line":33,"column":59}}],"line":33}},"s":{"0":4,"1":4,"2":4,"3":4,"4":35,"5":0,"6":35,"7":1,"8":35,"9":34,"10":34,"11":1,"12":33,"13":33,"14":33,"15":32,"16":32,"17":2,"18":30,"19":30,"20":4},"f":{"0":35,"1":35,"2":32},"b":{"0":[0,35],"1":[35,35],"2":[1,34],"3":[35,35],"4":[1,33],"5":[2,30],"6":[32,31]},"_coverageSchema":"1a1c01bbd47fc00a2c39e90264f33305004495a9","hash":"7c1399459350f33f160c79398ef442c1935dc4e2"}
,"C:\\Users\\LENOVO\\OneDrive\\Attachments\\Desktop\\car-dealership\\backend\\src\\services\\vehicleService.js": {"path":"C:\\Users\\LENOVO\\OneDrive\\Attachments\\Desktop\\car-dealership\\backend\\src\\services\\vehicleService.js","statementMap":{"0":{"start":{"line":1,"column":11},"end":{"line":1,"column":36}},"1":{"start":{"line":2,"column":17},"end":{"line":2,"column":45}},"2":{"start":{"line":5,"column":2},"end":{"line":7,"column":3}},"3":{"start":{"line":6,"column":4},"end":{"line":6,"column":70}},"4":{"start":{"line":8,"column":2},"end":{"line":10,"column":3}},"5":{"start":{"line":9,"column":4},"end":{"line":9,"column":67}},"6":{"start":{"line":11,"column":2},"end":{"line":13,"column":3}},"7":{"start":{"line":12,"column":4},"end":{"line":12,"column":70}},"8":{"start":{"line":17,"column":2},"end":{"line":17,"column":29}},"9":{"start":{"line":19,"column":53},"end":{"line":19,"column":57}},"10":{"start":{"line":20,"column":17},"end":{"line":22,"column":48}},"11":{"start":{"line":24,"column":2},"end":{"line":24,"column":56}},"12":{"start":{"line":28,"column":2},"end":{"line":28,"column":52}},"13":{"start":{"line":32,"column":18},"end":{"line":32,"column":83}},"14":{"start":{"line":33,"column":2},"end":{"line":35,"column":3}},"15":{"start":{"line":34,"column":4},"end":{"line":34,"column":49}},"16":{"start":{"line":36,"column":2},"end":{"line":36,"column":17}},"17":{"start":{"line":40,"column":56},"end":{"line":40,"column":63}},"18":{"start":{"line":42,"column":14},"end":{"line":42,"column":48}},"19":{"start":{"line":43,"column":17},"end":{"line":43,"column":19}},"20":{"start":{"line":45,"column":2},"end":{"line":48,"column":3}},"21":{"start":{"line":46,"column":4},"end":{"line":46,"column":43}},"22":{"start":{"line":47,"column":4},"end":{"line":47,"column":22}},"23":{"start":{"line":49,"column":2},"end":{"line":52,"column":3}},"24":{"start":{"line":50,"column":4},"end":{"line":50,"column":44}},"25":{"start":{"line":51,"column":4},"end":{"line":51,"column":23}},"26":{"start":{"line":53,"column":2},"end":{"line":56,"column":3}},"27":{"start":{"line":54,"column":4},"end":{"line":54,"column":47}},"28":{"start":{"line":55,"column":4},"end":{"line":55,"column":26}},"29":{"start":{"line":57,"column":2},"end":{"line":60,"column":3}},"30":{"start":{"line":58,"column":4},"end":{"line":58,"column":31}},"31":{"start":{"line":59,"column":4},"end":{"line":59,"column":34}},"32":{"start":{"line":61,"column":2},"end":{"line":64,"column":3}},"33":{"start":{"line":62,"column":4},"end":{"line":62,"column":31}},"34":{"start":{"line":63,"column":4},"end":{"line":63,"column":34}},"35":{"start":{"line":66,"column":2},"end":{"line":66,"column":42}},"36":{"start":{"line":70,"column":2},"end":{"line":70,"column":21}},"37":{"start":{"line":71,"column":2},"end":{"line":71,"column":29}},"38":{"start":{"line":73,"column":53},"end":{"line":73,"column":57}},"39":{"start":{"line":74,"column":2},"end":{"line":76,"column":60}},"40":{"start":{"line":78,"column":2},"end":{"line":78,"column":28}},"41":{"start":{"line":82,"column":2},"end":{"line":82,"column":21}},"42":{"start":{"line":83,"column":2},"end":{"line":83,"column":66}},"43":{"start":{"line":84,"column":2},"end":{"line":84,"column":53}},"44":{"start":{"line":88,"column":2},"end":{"line":88,"column":21}},"45":{"start":{"line":96,"column":17},"end":{"line":98,"column":20}},"46":{"start":{"line":100,"column":2},"end":{"line":102,"column":3}},"47":{"start":{"line":101,"column":4},"end":{"line":101,"column":55}},"48":{"start":{"line":104,"column":2},"end":{"line":104,"column":28}},"49":{"start":{"line":108,"column":2},"end":{"line":108,"column":21}},"50":{"start":{"line":110,"column":2},"end":{"line":112,"column":3}},"51":{"start":{"line":111,"column":4},"end":{"line":111,"column":72}},"52":{"start":{"line":114,"column":2},"end":{"line":114,"column":97}},"53":{"start":{"line":116,"column":2},"end":{"line":116,"column":28}},"54":{"start":{"line":119,"column":0},"end":{"line":129,"column":2}}},"fnMap":{"0":{"name":"validateVehicleInput","decl":{"start":{"line":4,"column":9},"end":{"line":4,"column":29}},"loc":{"start":{"line":4,"column":74},"end":{"line":14,"column":1}},"line":4},"1":{"name":"createVehicle","decl":{"start":{"line":16,"column":9},"end":{"line":16,"column":22}},"loc":{"start":{"line":16,"column":29},"end":{"line":25,"column":1}},"line":16},"2":{"name":"getAllVehicles","decl":{"start":{"line":27,"column":9},"end":{"line":27,"column":23}},"loc":{"start":{"line":27,"column":26},"end":{"line":29,"column":1}},"line":27},"3":{"name":"getVehicleById","decl":{"start":{"line":31,"column":9},"end":{"line":31,"column":23}},"loc":{"start":{"line":31,"column":28},"end":{"line":37,"column":1}},"line":31},"4":{"name":"searchVehicles","decl":{"start":{"line":39,"column":9},"end":{"line":39,"column":23}},"loc":{"start":{"line":39,"column":33},"end":{"line":67,"column":1}},"line":39},"5":{"name":"updateVehicle","decl":{"start":{"line":69,"column":9},"end":{"line":69,"column":22}},"loc":{"start":{"line":69,"column":33},"end":{"line":79,"column":1}},"line":69},"6":{"name":"deleteVehicle","decl":{"start":{"line":81,"column":9},"end":{"line":81,"column":22}},"loc":{"start":{"line":81,"column":27},"end":{"line":85,"column":1}},"line":81},"7":{"name":"purchaseVehicle","decl":{"start":{"line":87,"column":9},"end":{"line":87,"column":24}},"loc":{"start":{"line":87,"column":29},"end":{"line":105,"column":1}},"line":87},"8":{"name":"restockVehicle","decl":{"start":{"line":107,"column":9},"end":{"line":107,"column":23}},"loc":{"start":{"line":107,"column":36},"end":{"line":117,"column":1}},"line":107}},"branchMap":{"0":{"loc":{"start":{"line":5,"column":2},"end":{"line":7,"column":3}},"type":"if","locations":[{"start":{"line":5,"column":2},"end":{"line":7,"column":3}},{"start":{},"end":{}}],"line":5},"1":{"loc":{"start":{"line":5,"column":6},"end":{"line":5,"column":34}},"type":"binary-expr","locations":[{"start":{"line":5,"column":6},"end":{"line":5,"column":11}},{"start":{"line":5,"column":15},"end":{"line":5,"column":21}},{"start":{"line":5,"column":25},"end":{"line":5,"column":34}}],"line":5},"2":{"loc":{"start":{"line":8,"column":2},"end":{"line":10,"column":3}},"type":"if","locations":[{"start":{"line":8,"column":2},"end":{"line":10,"column":3}},{"start":{},"end":{}}],"line":8},"3":{"loc":{"start":{"line":8,"column":6},"end":{"line":8,"column":44}},"type":"binary-expr","locations":[{"start":{"line":8,"column":6},"end":{"line":8,"column":31}},{"start":{"line":8,"column":35},"end":{"line":8,"column":44}}],"line":8},"4":{"loc":{"start":{"line":11,"column":2},"end":{"line":13,"column":3}},"type":"if","locations":[{"start":{"line":11,"column":2},"end":{"line":13,"column":3}},{"start":{},"end":{}}],"line":11},"5":{"loc":{"start":{"line":11,"column":6},"end":{"line":11,"column":50}},"type":"binary-expr","locations":[{"start":{"line":11,"column":6},"end":{"line":11,"column":34}},{"start":{"line":11,"column":38},"end":{"line":11,"column":50}}],"line":11},"6":{"loc":{"start":{"line":33,"column":2},"end":{"line":35,"column":3}},"type":"if","locations":[{"start":{"line":33,"column":2},"end":{"line":35,"column":3}},{"start":{},"end":{}}],"line":33},"7":{"loc":{"start":{"line":45,"column":2},"end":{"line":48,"column":3}},"type":"if","locations":[{"start":{"line":45,"column":2},"end":{"line":48,"column":3}},{"start":{},"end":{}}],"line":45},"8":{"loc":{"start":{"line":49,"column":2},"end":{"line":52,"column":3}},"type":"if","locations":[{"start":{"line":49,"column":2},"end":{"line":52,"column":3}},{"start":{},"end":{}}],"line":49},"9":{"loc":{"start":{"line":53,"column":2},"end":{"line":56,"column":3}},"type":"if","locations":[{"start":{"line":53,"column":2},"end":{"line":56,"column":3}},{"start":{},"end":{}}],"line":53},"10":{"loc":{"start":{"line":57,"column":2},"end":{"line":60,"column":3}},"type":"if","locations":[{"start":{"line":57,"column":2},"end":{"line":60,"column":3}},{"start":{},"end":{}}],"line":57},"11":{"loc":{"start":{"line":61,"column":2},"end":{"line":64,"column":3}},"type":"if","locations":[{"start":{"line":61,"column":2},"end":{"line":64,"column":3}},{"start":{},"end":{}}],"line":61},"12":{"loc":{"start":{"line":100,"column":2},"end":{"line":102,"column":3}},"type":"if","locations":[{"start":{"line":100,"column":2},"end":{"line":102,"column":3}},{"start":{},"end":{}}],"line":100},"13":{"loc":{"start":{"line":110,"column":2},"end":{"line":112,"column":3}},"type":"if","locations":[{"start":{"line":110,"column":2},"end":{"line":112,"column":3}},{"start":{},"end":{}}],"line":110},"14":{"loc":{"start":{"line":110,"column":6},"end":{"line":110,"column":47}},"type":"binary-expr","locations":[{"start":{"line":110,"column":6},"end":{"line":110,"column":32}},{"start":{"line":110,"column":36},"end":{"line":110,"column":47}}],"line":110}},"s":{"0":4,"1":4,"2":45,"3":0,"4":45,"5":2,"6":43,"7":1,"8":43,"9":41,"10":41,"11":41,"12":3,"13":58,"14":58,"15":4,"16":54,"17":7,"18":7,"19":7,"20":7,"21":4,"22":4,"23":7,"24":1,"25":1,"26":7,"27":2,"28":2,"29":7,"30":1,"31":1,"32":7,"33":1,"34":1,"35":7,"36":3,"37":2,"38":1,"39":1,"40":1,"41":2,"42":1,"43":1,"44":5,"45":4,"46":4,"47":2,"48":2,"49":3,"50":2,"51":1,"52":1,"53":1,"54":4},"f":{"0":45,"1":43,"2":3,"3":58,"4":7,"5":3,"6":2,"7":5,"8":3},"b":{"0":[0,45],"1":[45,45,45],"2":[2,43],"3":[45,45],"4":[1,42],"5":[43,43],"6":[4,54],"7":[4,3],"8":[1,6],"9":[2,5],"10":[1,6],"11":[1,6],"12":[2,2],"13":[1,1],"14":[2,2]},"_coverageSchema":"1a1c01bbd47fc00a2c39e90264f33305004495a9","hash":"daed8efc5e6940b1b6799a8fffcf68a3a9647a9f"}
,"C:\\Users\\LENOVO\\OneDrive\\Attachments\\Desktop\\car-dealership\\backend\\src\\utils\\AppError.js": {"path":"C:\\Users\\LENOVO\\OneDrive\\Attachments\\Desktop\\car-dealership\\backend\\src\\utils\\AppError.js","statementMap":{"0":{"start":{"line":3,"column":4},"end":{"line":3,"column":19}},"1":{"start":{"line":4,"column":4},"end":{"line":4,"column":33}},"2":{"start":{"line":8,"column":0},"end":{"line":8,"column":26}}},"fnMap":{"0":{"name":"(anonymous_0)","decl":{"start":{"line":2,"column":2},"end":{"line":2,"column":3}},"loc":{"start":{"line":2,"column":35},"end":{"line":5,"column":3}},"line":2}},"branchMap":{},"s":{"0":14,"1":14,"2":4},"f":{"0":14},"b":{},"_coverageSchema":"1a1c01bbd47fc00a2c39e90264f33305004495a9","hash":"0e4355641bc633389c7bb1a75bb5acfadbf2cecb"}
}
