TN:
SF:src\app.js
FNF:0
FNH:0
DA:1,4
DA:2,4
DA:3,4
DA:4,4
DA:5,4
DA:7,4
DA:8,4
DA:9,4
DA:10,4
DA:11,4
DA:13,4
LF:11
LH:11
BRF:0
BRH:0
end_of_record
TN:
SF:src\controllers\authController.js
FN:3,register
FN:13,login
FNF:2
FNH:2
FNDA:35,register
FNDA:32,login
DA:1,4
DA:4,35
DA:5,35
DA:6,35
DA:7,33
DA:9,2
DA:14,32
DA:15,32
DA:16,32
DA:17,30
DA:19,2
DA:23,4
LF:12
LH:12
BRDA:9,0,0,2
BRDA:9,0,1,0
BRDA:19,1,0,2
BRDA:19,1,1,0
BRF:4
BRH:2
end_of_record
TN:
SF:src\controllers\vehicleController.js
FN:11,create
FN:20,list
FN:29,search
FN:38,update
FN:47,remove
FN:56,purchase
FN:65,restock
FNF:7
FNH:7
FNDA:43,create
FNDA:3,list
FNDA:7,search
FNDA:3,update
FNDA:2,remove
FNDA:5,purchase
FNDA:3,restock
DA:9,4
DA:12,43
DA:13,43
DA:14,41
DA:16,2
DA:21,3
DA:22,3
DA:23,3
DA:25,0
DA:30,7
DA:31,7
DA:32,7
DA:34,0
DA:39,3
DA:40,3
DA:41,1
DA:43,2
DA:48,2
DA:49,2
DA:50,1
DA:52,1
DA:57,5
DA:58,5
DA:59,2
DA:61,3
DA:66,3
DA:67,3
DA:68,1
DA:70,2
DA:74,4
LF:30
LH:28
BRDA:16,0,0,2
BRDA:16,0,1,0
BRDA:25,1,0,0
BRDA:25,1,1,0
BRDA:34,2,0,0
BRDA:34,2,1,0
BRDA:43,3,0,2
BRDA:43,3,1,0
BRDA:52,4,0,1
BRDA:52,4,1,0
BRDA:61,5,0,3
BRDA:61,5,1,0
BRDA:70,6,0,2
BRDA:70,6,1,0
BRF:14
BRH:5
end_of_record
TN:
SF:src\db\database.js
FNF:0
FNH:0
DA:1,4
DA:2,4
DA:4,4
DA:5,4
DA:7,4
DA:25,4
LF:6
LH:6
BRDA:5,0,0,4
BRDA:5,0,1,0
BRF:2
BRH:1
end_of_record
TN:
SF:src\middleware\authMiddleware.js
FN:3,authenticate
FN:21,requireAdmin
FNF:2
FNH:2
FNDA:78,authenticate
FNDA:9,requireAdmin
DA:1,5
DA:4,78
DA:6,78
DA:7,8
DA:10,70
DA:12,70
DA:13,70
DA:14,69
DA:15,69
DA:17,1
DA:22,9
DA:23,3
DA:25,6
DA:28,5
LF:14
LH:14
BRDA:6,0,0,8
BRDA:6,0,1,70
BRDA:6,1,0,78
BRDA:6,1,1,70
BRDA:22,2,0,3
BRDA:22,2,1,6
BRDA:22,3,0,9
BRDA:22,3,1,9
BRF:8
BRH:8
end_of_record
TN:
SF:src\routes\authRoutes.js
FNF:0
FNH:0
DA:1,4
DA:2,4
DA:4,4
DA:5,4
DA:6,4
DA:8,4
LF:6
LH:6
BRF:0
BRH:0
end_of_record
TN:
SF:src\routes\vehicleRoutes.js
FNF:0
FNH:0
DA:1,4
DA:10,4
DA:11,4
DA:13,4
DA:15,4
DA:16,4
DA:17,4
DA:18,4
DA:19,4
DA:20,4
DA:21,4
DA:23,4
LF:12
LH:12
BRF:0
BRH:0
end_of_record
TN:
SF:src\services\authService.js
FN:6,validateRegisterInput
FN:15,registerUser
FN:30,loginUser
FNF:3
FNH:3
FNDA:35,validateRegisterInput
FNDA:35,registerUser
FNDA:32,loginUser
DA:1,4
DA:2,4
DA:3,4
DA:4,4
DA:7,35
DA:8,0
DA:10,35
DA:11,1
DA:16,35
DA:18,34
DA:19,34
DA:20,1
DA:23,33
DA:24,33
DA:27,33
DA:31,32
DA:33,32
DA:34,2
DA:37,30
DA:43,30
DA:46,4
LF:21
LH:20
BRDA:7,0,0,0
BRDA:7,0,1,35
BRDA:7,1,0,35
BRDA:7,1,1,35
BRDA:10,2,0,1
BRDA:10,2,1,34
BRDA:10,3,0,35
BRDA:10,3,1,35
BRDA:19,4,0,1
BRDA:19,4,1,33
BRDA:33,5,0,2
BRDA:33,5,1,30
BRDA:33,6,0,32
BRDA:33,6,1,31
BRF:14
BRH:13
end_of_record
TN:
SF:src\services\vehicleService.js
FN:4,validateVehicleInput
FN:16,createVehicle
FN:27,getAllVehicles
FN:31,getVehicleById
FN:39,searchVehicles
FN:69,updateVehicle
FN:81,deleteVehicle
FN:87,purchaseVehicle
FN:107,restockVehicle
FNF:9
FNH:9
FNDA:45,validateVehicleInput
FNDA:43,createVehicle
FNDA:3,getAllVehicles
FNDA:58,getVehicleById
FNDA:7,searchVehicles
FNDA:3,updateVehicle
FNDA:2,deleteVehicle
FNDA:5,purchaseVehicle
FNDA:3,restockVehicle
DA:1,4
DA:2,4
DA:5,45
DA:6,0
DA:8,45
DA:9,2
DA:11,43
DA:12,1
DA:17,43
DA:19,41
DA:20,41
DA:24,41
DA:28,3
DA:32,58
DA:33,58
DA:34,4
DA:36,54
DA:40,7
DA:42,7
DA:43,7
DA:45,7
DA:46,4
DA:47,4
DA:49,7
DA:50,1
DA:51,1
DA:53,7
DA:54,2
DA:55,2
DA:57,7
DA:58,1
DA:59,1
DA:61,7
DA:62,1
DA:63,1
DA:66,7
DA:70,3
DA:71,2
DA:73,1
DA:74,1
DA:78,1
DA:82,2
DA:83,1
DA:84,1
DA:88,5
DA:96,4
DA:100,4
DA:101,2
DA:104,2
DA:108,3
DA:110,2
DA:111,1
DA:114,1
DA:116,1
DA:119,4
LF:55
LH:54
BRDA:5,0,0,0
BRDA:5,0,1,45
BRDA:5,1,0,45
BRDA:5,1,1,45
BRDA:5,1,2,45
BRDA:8,2,0,2
BRDA:8,2,1,43
BRDA:8,3,0,45
BRDA:8,3,1,45
BRDA:11,4,0,1
BRDA:11,4,1,42
BRDA:11,5,0,43
BRDA:11,5,1,43
BRDA:33,6,0,4
BRDA:33,6,1,54
BRDA:45,7,0,4
BRDA:45,7,1,3
BRDA:49,8,0,1
BRDA:49,8,1,6
BRDA:53,9,0,2
BRDA:53,9,1,5
BRDA:57,10,0,1
BRDA:57,10,1,6
BRDA:61,11,0,1
BRDA:61,11,1,6
BRDA:100,12,0,2
BRDA:100,12,1,2
BRDA:110,13,0,1
BRDA:110,13,1,1
BRDA:110,14,0,2
BRDA:110,14,1,2
BRF:31
BRH:30
end_of_record
TN:
SF:src\utils\AppError.js
FN:2,(anonymous_0)
FNF:1
FNH:1
FNDA:14,(anonymous_0)
DA:3,14
DA:4,14
DA:8,4
LF:3
LH:3
BRF:0
BRH:0
end_of_record
